defined kernel holy_bios_interrupt
defined kernel holy_boot_device
defined kernel holy_command_list
defined kernel holy_current_context
defined kernel holy_device_close
defined kernel holy_device_iterate
defined kernel holy_device_open
defined kernel holy_disk_cache_table
defined kernel holy_disk_close
defined kernel holy_disk_dev_list
defined kernel holy_disk_dev_register
defined kernel holy_disk_dev_unregister
defined kernel holy_disk_firmware_fini
defined kernel holy_disk_firmware_is_tainted
defined kernel holy_disk_get_size
defined kernel holy_disk_open
defined kernel holy_disk_read
defined kernel holy_disk_write_weak
defined kernel holy_divmod64
defined kernel holy_dl_head
defined kernel holy_dl_load
defined kernel holy_dl_load_core_noinit
defined kernel holy_dl_ref
defined kernel holy_dl_unload
defined kernel holy_dl_unref
defined kernel holy_env_export
defined kernel holy_env_get
defined kernel holy_env_set
defined kernel holy_env_unset
defined kernel holy_env_update_get_sorted
defined kernel holy_err_printed_errors
defined kernel holy_errmsg
defined kernel holy_errno
defined kernel holy_error
defined kernel holy_error_pop
defined kernel holy_error_push
defined kernel holy_exit
defined kernel holy_fatal
defined kernel holy_file_close
defined kernel holy_file_filters_all
defined kernel holy_file_filters_enabled
defined kernel holy_file_get_device_name
defined kernel holy_file_open
defined kernel holy_file_progress_hook
defined kernel holy_file_read
defined kernel holy_file_seek
defined kernel holy_free
defined kernel holy_fs_autoload_hook
defined kernel holy_fs_list
defined kernel holy_fs_probe
defined kernel holy_get_time_ms
defined kernel holy_getkey
defined kernel holy_getkey_noblock
defined kernel holy_gettext
defined kernel holy_isspace
defined kernel holy_list_push
defined kernel holy_list_remove
defined kernel holy_machine_fini
defined kernel holy_machine_mmap_iterate
defined kernel holy_malloc
defined kernel holy_memalign
defined kernel holy_memcmp
defined kernel holy_memmove
defined kernel holy_memset
defined kernel holy_millisleep
defined kernel holy_mm_base
defined kernel holy_modbase
defined kernel holy_named_list_find
defined kernel holy_net_open
defined kernel holy_net_poll_cards_idle
defined kernel holy_parser_cmdline_state
defined kernel holy_parser_split_cmdline
defined kernel holy_partition_get_name
defined kernel holy_partition_iterate
defined kernel holy_partition_map_list
defined kernel holy_partition_probe
defined kernel holy_pc_net_config
defined kernel holy_print_error
defined kernel holy_printf
defined kernel holy_printf_
defined kernel holy_puts_
defined kernel holy_pxe_call
defined kernel holy_real_dprintf
defined kernel holy_realidt
defined kernel holy_realloc
defined kernel holy_refresh
defined kernel holy_register_command_prio
defined kernel holy_register_variable_hook
defined kernel holy_snprintf
defined kernel holy_strchr
defined kernel holy_strcmp
defined kernel holy_strcpy
defined kernel holy_strdup
defined kernel holy_strlen
defined kernel holy_strncmp
defined kernel holy_strndup
defined kernel holy_strrchr
defined kernel holy_strtoul
defined kernel holy_strtoull
defined kernel holy_strword
defined kernel holy_term_highlight_color
defined kernel holy_term_inputs
defined kernel holy_term_inputs_disabled
defined kernel holy_term_normal_color
defined kernel holy_term_outputs
defined kernel holy_term_outputs_disabled
defined kernel holy_term_poll_usb
defined kernel holy_tpm_measure
defined kernel holy_tsc_rate
defined kernel holy_unregister_command
defined kernel holy_vprintf
defined kernel holy_vsnprintf
defined kernel holy_xasprintf
defined kernel holy_xputs
defined kernel holy_xvasprintf
defined kernel holy_zalloc
defined kernel memcmp
defined kernel memcpy
defined kernel memmove
defined kernel memset
